<?xml version="1.0" encoding="UTF-8"?>
<!-- Generated by org.testng.reporters.JUnitReportReporter -->
<testsuite hostname="Tejas" failures="0" tests="1" name="testcases.sampleTest" time="43.270" errors="0" timestamp="2024-08-26T12:56:26 IST" skipped="0">
  <testcase classname="testcases.sampleTest" name="sampletest" time="43.270"/>
</testsuite> <!-- testcases.sampleTest -->
